This is pdfTeX, Version 3.14159265-2.6-1.40.15 (TeX Live 2014) (preloaded format=pdflatex 2015.4.28)  12 JUN 2015 20:04
entering extended mode
 restricted \write18 enabled.
 %&-line parsing enabled.
**statistics.tex
(./statistics.tex
LaTeX2e <2014/05/01>
Babel <3.9k> and hyphenation patterns for 78 languages loaded.
(/usr/local/texlive/2014/texmf-dist/tex/latex/base/article.cls
Document Class: article 2007/10/19 v1.4h Standard LaTeX document class
(/usr/local/texlive/2014/texmf-dist/tex/latex/base/size12.clo
File: size12.clo 2007/10/19 v1.4h Standard LaTeX file (size option)
)
\c@part=\count79
\c@section=\count80
\c@subsection=\count81
\c@subsubsection=\count82
\c@paragraph=\count83
\c@subparagraph=\count84
\c@figure=\count85
\c@table=\count86
\abovecaptionskip=\skip41
\belowcaptionskip=\skip42
\bibindent=\dimen102
)
(/usr/local/texlive/2014/texmf-dist/tex/latex/base/inputenc.sty
Package: inputenc 2014/04/30 v1.2b Input encoding file
\inpenc@prehook=\toks14
\inpenc@posthook=\toks15

(/usr/local/texlive/2014/texmf-dist/tex/latex/base/utf8.def
File: utf8.def 2008/04/05 v1.1m UTF-8 support for inputenc
Now handling font encoding OML ...
... no UTF-8 mapping file for font encoding OML
Now handling font encoding T1 ...
... processing UTF-8 mapping file for font encoding T1

(/usr/local/texlive/2014/texmf-dist/tex/latex/base/t1enc.dfu
File: t1enc.dfu 2008/04/05 v1.1m UTF-8 support for inputenc
   defining Unicode char U+00A1 (decimal 161)
   defining Unicode char U+00A3 (decimal 163)
   defining Unicode char U+00AB (decimal 171)
   defining Unicode char U+00BB (decimal 187)
   defining Unicode char U+00BF (decimal 191)
   defining Unicode char U+00C0 (decimal 192)
   defining Unicode char U+00C1 (decimal 193)
   defining Unicode char U+00C2 (decimal 194)
   defining Unicode char U+00C3 (decimal 195)
   defining Unicode char U+00C4 (decimal 196)
   defining Unicode char U+00C5 (decimal 197)
   defining Unicode char U+00C6 (decimal 198)
   defining Unicode char U+00C7 (decimal 199)
   defining Unicode char U+00C8 (decimal 200)
   defining Unicode char U+00C9 (decimal 201)
   defining Unicode char U+00CA (decimal 202)
   defining Unicode char U+00CB (decimal 203)
   defining Unicode char U+00CC (decimal 204)
   defining Unicode char U+00CD (decimal 205)
   defining Unicode char U+00CE (decimal 206)
   defining Unicode char U+00CF (decimal 207)
   defining Unicode char U+00D0 (decimal 208)
   defining Unicode char U+00D1 (decimal 209)
   defining Unicode char U+00D2 (decimal 210)
   defining Unicode char U+00D3 (decimal 211)
   defining Unicode char U+00D4 (decimal 212)
   defining Unicode char U+00D5 (decimal 213)
   defining Unicode char U+00D6 (decimal 214)
   defining Unicode char U+00D8 (decimal 216)
   defining Unicode char U+00D9 (decimal 217)
   defining Unicode char U+00DA (decimal 218)
   defining Unicode char U+00DB (decimal 219)
   defining Unicode char U+00DC (decimal 220)
   defining Unicode char U+00DD (decimal 221)
   defining Unicode char U+00DE (decimal 222)
   defining Unicode char U+00DF (decimal 223)
   defining Unicode char U+00E0 (decimal 224)
   defining Unicode char U+00E1 (decimal 225)
   defining Unicode char U+00E2 (decimal 226)
   defining Unicode char U+00E3 (decimal 227)
   defining Unicode char U+00E4 (decimal 228)
   defining Unicode char U+00E5 (decimal 229)
   defining Unicode char U+00E6 (decimal 230)
   defining Unicode char U+00E7 (decimal 231)
   defining Unicode char U+00E8 (decimal 232)
   defining Unicode char U+00E9 (decimal 233)
   defining Unicode char U+00EA (decimal 234)
   defining Unicode char U+00EB (decimal 235)
   defining Unicode char U+00EC (decimal 236)
   defining Unicode char U+00ED (decimal 237)
   defining Unicode char U+00EE (decimal 238)
   defining Unicode char U+00EF (decimal 239)
   defining Unicode char U+00F0 (decimal 240)
   defining Unicode char U+00F1 (decimal 241)
   defining Unicode char U+00F2 (decimal 242)
   defining Unicode char U+00F3 (decimal 243)
   defining Unicode char U+00F4 (decimal 244)
   defining Unicode char U+00F5 (decimal 245)
   defining Unicode char U+00F6 (decimal 246)
   defining Unicode char U+00F8 (decimal 248)
   defining Unicode char U+00F9 (decimal 249)
   defining Unicode char U+00FA (decimal 250)
   defining Unicode char U+00FB (decimal 251)
   defining Unicode char U+00FC (decimal 252)
   defining Unicode char U+00FD (decimal 253)
   defining Unicode char U+00FE (decimal 254)
   defining Unicode char U+00FF (decimal 255)
   defining Unicode char U+0102 (decimal 258)
   defining Unicode char U+0103 (decimal 259)
   defining Unicode char U+0104 (decimal 260)
   defining Unicode char U+0105 (decimal 261)
   defining Unicode char U+0106 (decimal 262)
   defining Unicode char U+0107 (decimal 263)
   defining Unicode char U+010C (decimal 268)
   defining Unicode char U+010D (decimal 269)
   defining Unicode char U+010E (decimal 270)
   defining Unicode char U+010F (decimal 271)
   defining Unicode char U+0110 (decimal 272)
   defining Unicode char U+0111 (decimal 273)
   defining Unicode char U+0118 (decimal 280)
   defining Unicode char U+0119 (decimal 281)
   defining Unicode char U+011A (decimal 282)
   defining Unicode char U+011B (decimal 283)
   defining Unicode char U+011E (decimal 286)
   defining Unicode char U+011F (decimal 287)
   defining Unicode char U+0130 (decimal 304)
   defining Unicode char U+0131 (decimal 305)
   defining Unicode char U+0132 (decimal 306)
   defining Unicode char U+0133 (decimal 307)
   defining Unicode char U+0139 (decimal 313)
   defining Unicode char U+013A (decimal 314)
   defining Unicode char U+013D (decimal 317)
   defining Unicode char U+013E (decimal 318)
   defining Unicode char U+0141 (decimal 321)
   defining Unicode char U+0142 (decimal 322)
   defining Unicode char U+0143 (decimal 323)
   defining Unicode char U+0144 (decimal 324)
   defining Unicode char U+0147 (decimal 327)
   defining Unicode char U+0148 (decimal 328)
   defining Unicode char U+014A (decimal 330)
   defining Unicode char U+014B (decimal 331)
   defining Unicode char U+0150 (decimal 336)
   defining Unicode char U+0151 (decimal 337)
   defining Unicode char U+0152 (decimal 338)
   defining Unicode char U+0153 (decimal 339)
   defining Unicode char U+0154 (decimal 340)
   defining Unicode char U+0155 (decimal 341)
   defining Unicode char U+0158 (decimal 344)
   defining Unicode char U+0159 (decimal 345)
   defining Unicode char U+015A (decimal 346)
   defining Unicode char U+015B (decimal 347)
   defining Unicode char U+015E (decimal 350)
   defining Unicode char U+015F (decimal 351)
   defining Unicode char U+0160 (decimal 352)
   defining Unicode char U+0161 (decimal 353)
   defining Unicode char U+0162 (decimal 354)
   defining Unicode char U+0163 (decimal 355)
   defining Unicode char U+0164 (decimal 356)
   defining Unicode char U+0165 (decimal 357)
   defining Unicode char U+016E (decimal 366)
   defining Unicode char U+016F (decimal 367)
   defining Unicode char U+0170 (decimal 368)
   defining Unicode char U+0171 (decimal 369)
   defining Unicode char U+0178 (decimal 376)
   defining Unicode char U+0179 (decimal 377)
   defining Unicode char U+017A (decimal 378)
   defining Unicode char U+017B (decimal 379)
   defining Unicode char U+017C (decimal 380)
   defining Unicode char U+017D (decimal 381)
   defining Unicode char U+017E (decimal 382)
   defining Unicode char U+200C (decimal 8204)
   defining Unicode char U+2013 (decimal 8211)
   defining Unicode char U+2014 (decimal 8212)
   defining Unicode char U+2018 (decimal 8216)
   defining Unicode char U+2019 (decimal 8217)
   defining Unicode char U+201A (decimal 8218)
   defining Unicode char U+201C (decimal 8220)
   defining Unicode char U+201D (decimal 8221)
   defining Unicode char U+201E (decimal 8222)
   defining Unicode char U+2030 (decimal 8240)
   defining Unicode char U+2031 (decimal 8241)
   defining Unicode char U+2039 (decimal 8249)
   defining Unicode char U+203A (decimal 8250)
   defining Unicode char U+2423 (decimal 9251)
)
Now handling font encoding OT1 ...
... processing UTF-8 mapping file for font encoding OT1

(/usr/local/texlive/2014/texmf-dist/tex/latex/base/ot1enc.dfu
File: ot1enc.dfu 2008/04/05 v1.1m UTF-8 support for inputenc
   defining Unicode char U+00A1 (decimal 161)
   defining Unicode char U+00A3 (decimal 163)
   defining Unicode char U+00B8 (decimal 184)
   defining Unicode char U+00BF (decimal 191)
   defining Unicode char U+00C5 (decimal 197)
   defining Unicode char U+00C6 (decimal 198)
   defining Unicode char U+00D8 (decimal 216)
   defining Unicode char U+00DF (decimal 223)
   defining Unicode char U+00E6 (decimal 230)
   defining Unicode char U+00EC (decimal 236)
   defining Unicode char U+00ED (decimal 237)
   defining Unicode char U+00EE (decimal 238)
   defining Unicode char U+00EF (decimal 239)
   defining Unicode char U+00F8 (decimal 248)
   defining Unicode char U+0131 (decimal 305)
   defining Unicode char U+0141 (decimal 321)
   defining Unicode char U+0142 (decimal 322)
   defining Unicode char U+0152 (decimal 338)
   defining Unicode char U+0153 (decimal 339)
   defining Unicode char U+2013 (decimal 8211)
   defining Unicode char U+2014 (decimal 8212)
   defining Unicode char U+2018 (decimal 8216)
   defining Unicode char U+2019 (decimal 8217)
   defining Unicode char U+201C (decimal 8220)
   defining Unicode char U+201D (decimal 8221)
)
Now handling font encoding OMS ...
... processing UTF-8 mapping file for font encoding OMS

(/usr/local/texlive/2014/texmf-dist/tex/latex/base/omsenc.dfu
File: omsenc.dfu 2008/04/05 v1.1m UTF-8 support for inputenc
   defining Unicode char U+00A7 (decimal 167)
   defining Unicode char U+00B6 (decimal 182)
   defining Unicode char U+00B7 (decimal 183)
   defining Unicode char U+2020 (decimal 8224)
   defining Unicode char U+2021 (decimal 8225)
   defining Unicode char U+2022 (decimal 8226)
)
Now handling font encoding OMX ...
... no UTF-8 mapping file for font encoding OMX
Now handling font encoding U ...
... no UTF-8 mapping file for font encoding U
   defining Unicode char U+00A9 (decimal 169)
   defining Unicode char U+00AA (decimal 170)
   defining Unicode char U+00AE (decimal 174)
   defining Unicode char U+00BA (decimal 186)
   defining Unicode char U+02C6 (decimal 710)
   defining Unicode char U+02DC (decimal 732)
   defining Unicode char U+200C (decimal 8204)
   defining Unicode char U+2026 (decimal 8230)
   defining Unicode char U+2122 (decimal 8482)
   defining Unicode char U+2423 (decimal 9251)
))
(/usr/local/texlive/2014/texmf-dist/tex/latex/amsfonts/amsfonts.sty
Package: amsfonts 2013/01/14 v3.01 Basic AMSFonts support
\@emptytoks=\toks16
\symAMSa=\mathgroup4
\symAMSb=\mathgroup5
LaTeX Font Info:    Overwriting math alphabet `\mathfrak' in version `bold'
(Font)                  U/euf/m/n --> U/euf/b/n on input line 106.
)
(/usr/local/texlive/2014/texmf-dist/tex/latex/amsfonts/amssymb.sty
Package: amssymb 2013/01/14 v3.01 AMS font symbols
)
(/usr/local/texlive/2014/texmf-dist/tex/latex/amsmath/amsmath.sty
Package: amsmath 2013/01/14 v2.14 AMS math features
\@mathmargin=\skip43

For additional information on amsmath, use the `?' option.
(/usr/local/texlive/2014/texmf-dist/tex/latex/amsmath/amstext.sty
Package: amstext 2000/06/29 v2.01

(/usr/local/texlive/2014/texmf-dist/tex/latex/amsmath/amsgen.sty
File: amsgen.sty 1999/11/30 v2.0
\@emptytoks=\toks17
\ex@=\dimen103
))
(/usr/local/texlive/2014/texmf-dist/tex/latex/amsmath/amsbsy.sty
Package: amsbsy 1999/11/29 v1.2d
\pmbraise@=\dimen104
)
(/usr/local/texlive/2014/texmf-dist/tex/latex/amsmath/amsopn.sty
Package: amsopn 1999/12/14 v2.01 operator names
)
\inf@bad=\count87
LaTeX Info: Redefining \frac on input line 210.
\uproot@=\count88
\leftroot@=\count89
LaTeX Info: Redefining \overline on input line 306.
\classnum@=\count90
\DOTSCASE@=\count91
LaTeX Info: Redefining \ldots on input line 378.
LaTeX Info: Redefining \dots on input line 381.
LaTeX Info: Redefining \cdots on input line 466.
\Mathstrutbox@=\box26
\strutbox@=\box27
\big@size=\dimen105
LaTeX Font Info:    Redeclaring font encoding OML on input line 566.
LaTeX Font Info:    Redeclaring font encoding OMS on input line 567.
\macc@depth=\count92
\c@MaxMatrixCols=\count93
\dotsspace@=\muskip10
\c@parentequation=\count94
\dspbrk@lvl=\count95
\tag@help=\toks18
\row@=\count96
\column@=\count97
\maxfields@=\count98
\andhelp@=\toks19
\eqnshift@=\dimen106
\alignsep@=\dimen107
\tagshift@=\dimen108
\tagwidth@=\dimen109
\totwidth@=\dimen110
\lineht@=\dimen111
\@envbody=\toks20
\multlinegap=\skip44
\multlinetaggap=\skip45
\mathdisplay@stack=\toks21
LaTeX Info: Redefining \[ on input line 2665.
LaTeX Info: Redefining \] on input line 2666.
)
(/usr/local/texlive/2014/texmf-dist/tex/latex/graphics/graphicx.sty
Package: graphicx 2014/04/25 v1.0g Enhanced LaTeX Graphics (DPC,SPQR)

(/usr/local/texlive/2014/texmf-dist/tex/latex/graphics/keyval.sty
Package: keyval 2014/05/08 v1.15 key=value parser (DPC)
\KV@toks@=\toks22
)
(/usr/local/texlive/2014/texmf-dist/tex/latex/graphics/graphics.sty
Package: graphics 2009/02/05 v1.0o Standard LaTeX Graphics (DPC,SPQR)

(/usr/local/texlive/2014/texmf-dist/tex/latex/graphics/trig.sty
Package: trig 1999/03/16 v1.09 sin cos tan (DPC)
)
(/usr/local/texlive/2014/texmf-dist/tex/latex/latexconfig/graphics.cfg
File: graphics.cfg 2010/04/23 v1.9 graphics configuration of TeX Live
)
Package graphics Info: Driver file: pdftex.def on input line 91.

(/usr/local/texlive/2014/texmf-dist/tex/latex/pdftex-def/pdftex.def
File: pdftex.def 2011/05/27 v0.06d Graphics/color for pdfTeX

(/usr/local/texlive/2014/texmf-dist/tex/generic/oberdiek/infwarerr.sty
Package: infwarerr 2010/04/08 v1.3 Providing info/warning/error messages (HO)
)
(/usr/local/texlive/2014/texmf-dist/tex/generic/oberdiek/ltxcmds.sty
Package: ltxcmds 2011/11/09 v1.22 LaTeX kernel commands for general use (HO)
)
\Gread@gobject=\count99
))
\Gin@req@height=\dimen112
\Gin@req@width=\dimen113
)
(./statistics.aux)
\openout1 = `statistics.aux'.

LaTeX Font Info:    Checking defaults for OML/cmm/m/it on input line 12.
LaTeX Font Info:    ... okay on input line 12.
LaTeX Font Info:    Checking defaults for T1/cmr/m/n on input line 12.
LaTeX Font Info:    ... okay on input line 12.
LaTeX Font Info:    Checking defaults for OT1/cmr/m/n on input line 12.
LaTeX Font Info:    ... okay on input line 12.
LaTeX Font Info:    Checking defaults for OMS/cmsy/m/n on input line 12.
LaTeX Font Info:    ... okay on input line 12.
LaTeX Font Info:    Checking defaults for OMX/cmex/m/n on input line 12.
LaTeX Font Info:    ... okay on input line 12.
LaTeX Font Info:    Checking defaults for U/cmr/m/n on input line 12.
LaTeX Font Info:    ... okay on input line 12.

(/usr/local/texlive/2014/texmf-dist/tex/context/base/supp-pdf.mkii
[Loading MPS to PDF converter (version 2006.09.02).]
\scratchcounter=\count100
\scratchdimen=\dimen114
\scratchbox=\box28
\nofMPsegments=\count101
\nofMParguments=\count102
\everyMPshowfont=\toks23
\MPscratchCnt=\count103
\MPscratchDim=\dimen115
\MPnumerator=\count104
\makeMPintoPDFobject=\count105
\everyMPtoPDFconversion=\toks24
) (/usr/local/texlive/2014/texmf-dist/tex/generic/oberdiek/pdftexcmds.sty
Package: pdftexcmds 2011/11/29 v0.20 Utility functions of pdfTeX for LuaTeX (HO
)

(/usr/local/texlive/2014/texmf-dist/tex/generic/oberdiek/ifluatex.sty
Package: ifluatex 2010/03/01 v1.3 Provides the ifluatex switch (HO)
Package ifluatex Info: LuaTeX not detected.
)
(/usr/local/texlive/2014/texmf-dist/tex/generic/oberdiek/ifpdf.sty
Package: ifpdf 2011/01/30 v2.3 Provides the ifpdf switch (HO)
Package ifpdf Info: pdfTeX in PDF mode is detected.
)
Package pdftexcmds Info: LuaTeX not detected.
Package pdftexcmds Info: \pdf@primitive is available.
Package pdftexcmds Info: \pdf@ifprimitive is available.
Package pdftexcmds Info: \pdfdraftmode found.
)
(/usr/local/texlive/2014/texmf-dist/tex/latex/oberdiek/epstopdf-base.sty
Package: epstopdf-base 2010/02/09 v2.5 Base part for package epstopdf

(/usr/local/texlive/2014/texmf-dist/tex/latex/oberdiek/grfext.sty
Package: grfext 2010/08/19 v1.1 Manage graphics extensions (HO)

(/usr/local/texlive/2014/texmf-dist/tex/generic/oberdiek/kvdefinekeys.sty
Package: kvdefinekeys 2011/04/07 v1.3 Define keys (HO)
))
(/usr/local/texlive/2014/texmf-dist/tex/latex/oberdiek/kvoptions.sty
Package: kvoptions 2011/06/30 v3.11 Key value format for package options (HO)

(/usr/local/texlive/2014/texmf-dist/tex/generic/oberdiek/kvsetkeys.sty
Package: kvsetkeys 2012/04/25 v1.16 Key value parser (HO)

(/usr/local/texlive/2014/texmf-dist/tex/generic/oberdiek/etexcmds.sty
Package: etexcmds 2011/02/16 v1.5 Avoid name clashes with e-TeX commands (HO)
Package etexcmds Info: Could not find \expanded.
(etexcmds)             That can mean that you are not using pdfTeX 1.50 or
(etexcmds)             that some package has redefined \expanded.
(etexcmds)             In the latter case, load this package earlier.
)))
Package grfext Info: Graphics extension search list:
(grfext)             [.png,.pdf,.jpg,.mps,.jpeg,.jbig2,.jb2,.PNG,.PDF,.JPG,.JPE
G,.JBIG2,.JB2,.eps]
(grfext)             \AppendGraphicsExtensions on input line 452.

(/usr/local/texlive/2014/texmf-dist/tex/latex/latexconfig/epstopdf-sys.cfg
File: epstopdf-sys.cfg 2010/07/13 v1.3 Configuration of (r)epstopdf for TeX Liv
e
))
LaTeX Font Info:    Try loading font information for U+msa on input line 13.

(/usr/local/texlive/2014/texmf-dist/tex/latex/amsfonts/umsa.fd
File: umsa.fd 2013/01/14 v3.01 AMS symbols A
)
LaTeX Font Info:    Try loading font information for U+msb on input line 13.

(/usr/local/texlive/2014/texmf-dist/tex/latex/amsfonts/umsb.fd
File: umsb.fd 2013/01/14 v3.01 AMS symbols B
)
<charlotteDubourg.jpg, id=1, 568.7649pt x 722.7pt>
File: charlotteDubourg.jpg Graphic file (type jpg)
 <use charlotteDubourg.jpg>
Package pdftex.def Info: charlotteDubourg.jpg used on input line 17.
(pdftex.def)             Requested size: 256.0748pt x 325.38843pt.

[1

{/usr/local/texlive/2014/texmf-var/fonts/map/pdftex/updmap/pdftex.map} <./charl
otteDubourg.jpg>] (./statistics.toc)
\tf@toc=\write3
\openout3 = `statistics.toc'.

 [2] (./1_StatisticalInferences.tex
Underfull \hbox (badness 10000) in paragraph at lines 3--4

 []


Underfull \hbox (badness 10000) in paragraph at lines 5--7

 []


Underfull \hbox (badness 10000) in paragraph at lines 8--10

 []


Underfull \hbox (badness 10000) in paragraph at lines 11--12

 []


Underfull \hbox (badness 10000) in paragraph at lines 13--14

 []


Underfull \hbox (badness 10000) in paragraph at lines 15--18

 []


Underfull \hbox (badness 10000) in paragraph at lines 19--20

 []

[3]) [4] (./2_PointEstimate.tex
Underfull \hbox (badness 10000) in paragraph at lines 3--4

 []


Underfull \hbox (badness 10000) in paragraph at lines 5--8

 []


Underfull \hbox (badness 10000) in paragraph at lines 9--10

 []


Overfull \hbox (46.76788pt too wide) detected at line 18
\U/msb/m/n/12 E\OT1/cmr/m/n/12 [\OML/cmm/m/it/12 T\OT1/cmr/m/n/12 (\U/msb/m/n/1
2 X[]\OML/cmm/m/it/12 ; :::; \U/msb/m/n/12 X[]\OT1/cmr/m/n/12 )] = []
 []


Underfull \hbox (badness 10000) in paragraph at lines 22--25

 []


Underfull \hbox (badness 10000) in paragraph at lines 27--28

 []


Underfull \hbox (badness 10000) in paragraph at lines 29--30

 []


Underfull \hbox (badness 10000) in paragraph at lines 31--32

 []

[5]
Underfull \hbox (badness 10000) in paragraph at lines 36--37

 []


Underfull \hbox (badness 10000) in paragraph at lines 38--39

 []


Underfull \hbox (badness 10000) in paragraph at lines 40--41

 []


Underfull \hbox (badness 10000) in paragraph at lines 42--43

 []


Underfull \hbox (badness 10000) in paragraph at lines 50--53

 []


Overfull \hbox (10.54189pt too wide) detected at line 56
\OT1/cmr/m/n/12 = []\U/msb/m/n/12 E\OT1/cmr/m/n/12 [[]] \OMS/cmsy/m/n/12 ^^@ \O
ML/cmm/m/it/12 ^^R[][][]var\OT1/cmr/m/n/12 ([]) + 2\U/msb/m/n/12 E\OT1/cmr/m/n/
12 [[] \OMS/cmsy/m/n/12 ^^@ \U/msb/m/n/12 E\OT1/cmr/m/n/12 [[]]](\U/msb/m/n/12 
E\OT1/cmr/m/n/12 [[]] \OMS/cmsy/m/n/12 ^^@ \OML/cmm/m/it/12 ^^R\OT1/cmr/m/n/12 
) + ([] \OMS/cmsy/m/n/12 ^^@ \OML/cmm/m/it/12 ^^R\OT1/cmr/m/n/12 )[]
 []

[6]
Underfull \hbox (badness 10000) in paragraph at lines 67--69

 []


Underfull \hbox (badness 10000) in paragraph at lines 70--71

 []


Underfull \hbox (badness 10000) in paragraph at lines 72--74

 []


Underfull \hbox (badness 10000) in paragraph at lines 76--78

 []


Underfull \hbox (badness 10000) in paragraph at lines 79--80

 []


Underfull \hbox (badness 10000) in paragraph at lines 85--86

 []


Underfull \hbox (badness 10000) in paragraph at lines 87--88

 []


Underfull \hbox (badness 10000) in paragraph at lines 89--90

 []


Underfull \hbox (badness 10000) in paragraph at lines 91--93

 []


Underfull \hbox (badness 10000) in paragraph at lines 94--95

 []

[7]
Underfull \hbox (badness 10000) in paragraph at lines 102--104

 []


Underfull \hbox (badness 10000) in paragraph at lines 105--106

 []


Underfull \hbox (badness 10000) in paragraph at lines 113--114

 []


Underfull \hbox (badness 10000) in paragraph at lines 117--118

 []

[8]
Underfull \hbox (badness 10000) in paragraph at lines 129--130

 []


Underfull \hbox (badness 10000) in paragraph at lines 131--132

 []


Underfull \hbox (badness 10000) in paragraph at lines 139--141

 []


Underfull \hbox (badness 10000) in paragraph at lines 142--143

 []


Underfull \hbox (badness 10000) in paragraph at lines 145--146

 []

[9]
Underfull \hbox (badness 10000) in paragraph at lines 164--166

 []


Underfull \hbox (badness 10000) in paragraph at lines 167--168

 []


Underfull \hbox (badness 10000) in paragraph at lines 172--173

 []

[10]
Underfull \hbox (badness 10000) in paragraph at lines 198--199

 []


Underfull \hbox (badness 10000) in paragraph at lines 202--204

 []

[11]

Package amsmath Warning: Foreign command \atopwithdelims;
(amsmath)                \frac or \genfrac should be used instead
(amsmath)                 on input line 210.


Underfull \hbox (badness 10000) in paragraph at lines 205--211

 []


Underfull \hbox (badness 10000) in paragraph at lines 212--213

 []


Underfull \hbox (badness 10000) in paragraph at lines 223--225

 []


Underfull \hbox (badness 10000) in paragraph at lines 228--230

 []

[12]
Underfull \hbox (badness 10000) in paragraph at lines 231--232

 []


Underfull \hbox (badness 10000) in paragraph at lines 236--239

 []


Underfull \hbox (badness 10000) in paragraph at lines 240--241

 []


Underfull \hbox (badness 10000) in paragraph at lines 247--249

 []


Underfull \hbox (badness 10000) in paragraph at lines 253--255

 []

[13]
Underfull \hbox (badness 10000) in paragraph at lines 256--257

 []


Overfull \hbox (37.21007pt too wide) in paragraph at lines 258--259
[]\OT1/cmr/bx/n/12 Solution \OT1/cmr/m/n/12 The like-li-hood func-tion $\OML/cm
m/m/it/12 L\OT1/cmr/m/n/12 (\OML/cmm/m/it/12 ^^R\OT1/cmr/m/n/12 ) = [][] []\OML
/cmm/m/it/12 I[]\OT1/cmr/m/n/12 (\OML/cmm/m/it/12 x[]\OT1/cmr/m/n/12 ) = []\OML
/cmm/m/it/12 I[]\OT1/cmr/m/n/12 (\OML/cmm/m/it/12 ^^R\OT1/cmr/m/n/12 )$.
 []


Underfull \hbox (badness 10000) in paragraph at lines 258--259

 []


Underfull \hbox (badness 10000) in paragraph at lines 260--261

 []


Underfull \hbox (badness 10000) in paragraph at lines 262--263

 []


Underfull \hbox (badness 10000) in paragraph at lines 268--269

 []


Underfull \hbox (badness 10000) in paragraph at lines 271--272

 []


Underfull \hbox (badness 10000) in paragraph at lines 273--274

 []

[14]
Underfull \hbox (badness 10000) in paragraph at lines 276--279

 []


Underfull \hbox (badness 10000) in paragraph at lines 282--283

 []


Underfull \hbox (badness 10000) in paragraph at lines 284--285

 []


Underfull \hbox (badness 10000) in paragraph at lines 293--298

 []

[15]
Underfull \hbox (badness 10000) in paragraph at lines 302--304

 []


Underfull \hbox (badness 10000) in paragraph at lines 305--306

 []


Overfull \hbox (79.06961pt too wide) detected at line 312
[] \OML/cmm/m/it/12 ::: [] t\OT1/cmr/m/n/12 (\OML/cmm/m/it/12 x[]; ::; x[]\OT1/
cmr/m/n/12 )D[]\OML/cmm/m/it/12 f\OT1/cmr/m/n/12 (\OML/cmm/m/it/12 x[]; :::; x[
]; ^^R\OT1/cmr/m/n/12 )d\OML/cmm/m/it/12 x[]:::\OT1/cmr/m/n/12 d\OML/cmm/m/it/1
2 x[] \OT1/cmr/m/n/12 = D[] [] \OML/cmm/m/it/12 ::: [] t\OT1/cmr/m/n/12 (\OML/c
mm/m/it/12 x[]; ::; x[]\OT1/cmr/m/n/12 )\OML/cmm/m/it/12 f\OT1/cmr/m/n/12 (\OML
/cmm/m/it/12 x[]; :::; x[]; ^^R\OT1/cmr/m/n/12 )d\OML/cmm/m/it/12 x[]:::\OT1/cm
r/m/n/12 d\OML/cmm/m/it/12 x[]
 []


Underfull \hbox (badness 10000) in paragraph at lines 314--316

 []


Overfull \hbox (79.1036pt too wide) detected at line 322
\OML/cmm/m/it/12 E\OT1/cmr/m/n/12 [D[] [](\OML/cmm/m/it/12 f\OT1/cmr/m/n/12 (\O
ML/cmm/m/it/12 X[]; ^^R\OT1/cmr/m/n/12 ))] = [][] D[] [] [] \OML/cmm/m/it/12 f\
OT1/cmr/m/n/12 (\OML/cmm/m/it/12 x; ^^R\OT1/cmr/m/n/12 )d\OML/cmm/m/it/12 x \OT
1/cmr/m/n/12 = [][] D[]\OML/cmm/m/it/12 f\OT1/cmr/m/n/12 (\OML/cmm/m/it/12 x; ^
^R\OT1/cmr/m/n/12 )d\OML/cmm/m/it/12 x \OT1/cmr/m/n/12 = D[] [][] \OML/cmm/m/it
/12 f\OT1/cmr/m/n/12 (\OML/cmm/m/it/12 x; ^^R\OT1/cmr/m/n/12 )d\OML/cmm/m/it/12
 x \OT1/cmr/m/n/12 = 0
 []

[16]
Overfull \hbox (6.73012pt too wide) detected at line 330
\OT1/cmr/m/n/12 D[]^^A([]\OML/cmm/m/it/12 ; ^^R\OT1/cmr/m/n/12 ) = [] \OML/cmm/
m/it/12 D[]f\OT1/cmr/m/n/12 (\OML/cmm/m/it/12 x[]; ^^R\OT1/cmr/m/n/12 ) [] \OML
/cmm/m/it/12 f\OT1/cmr/m/n/12 (\OML/cmm/m/it/12 x[]; ^^R\OT1/cmr/m/n/12 ) = [][
\OML/cmm/m/it/12 D[] [] f\OT1/cmr/m/n/12 (\OML/cmm/m/it/12 x[]; ^^R\OT1/cmr/m/n
/12 )\OML/cmm/m/it/12 f\OT1/cmr/m/n/12 (\OML/cmm/m/it/12 x[]; ^^R\OT1/cmr/m/n/1
2 ) [] \OML/cmm/m/it/12 f\OT1/cmr/m/n/12 (\OML/cmm/m/it/12 x[]; ^^R\OT1/cmr/m/n
/12 )]
 []


Overfull \hbox (70.56142pt too wide) detected at line 340
\U/msb/m/n/12 E\OT1/cmr/m/n/12 [([] \OML/cmm/m/it/12 D[] []\OT1/cmr/m/n/12 (\OM
L/cmm/m/it/12 f\OT1/cmr/m/n/12 (\OML/cmm/m/it/12 X[]; ^^R\OT1/cmr/m/n/12 )))[]]
 = [] \U/msb/m/n/12 E\OT1/cmr/m/n/12 [(\OML/cmm/m/it/12 D[] []\OT1/cmr/m/n/12 (
\OML/cmm/m/it/12 f\OT1/cmr/m/n/12 (\OML/cmm/m/it/12 X[]; ^^R\OT1/cmr/m/n/12 )))
[]] + [] \U/msb/m/n/12 E\OT1/cmr/m/n/12 [\OML/cmm/m/it/12 D[] []\OT1/cmr/m/n/12
 (\OML/cmm/m/it/12 f\OT1/cmr/m/n/12 (\OML/cmm/m/it/12 X[]; ^^R\OT1/cmr/m/n/12 )
)\OML/cmm/m/it/12 D[] []\OT1/cmr/m/n/12 (\OML/cmm/m/it/12 f\OT1/cmr/m/n/12 (\OM
L/cmm/m/it/12 X[]; ^^R\OT1/cmr/m/n/12 ))]
 []

[17]
Underfull \hbox (badness 10000) in paragraph at lines 352--354

 []


Underfull \hbox (badness 10000) in paragraph at lines 355--356

 []


Underfull \hbox (badness 10000) in paragraph at lines 357--358

 []


Underfull \hbox (badness 10000) in paragraph at lines 359--360

 []


Underfull \hbox (badness 10000) in paragraph at lines 366--367

 []

) [18] [19] (./3_UMVUE.tex
Overfull \hbox (4.06377pt too wide) in paragraph at lines 1--1
[]\OT1/cmr/bx/n/17.28 Continuous to Point Es-ti-ma-tion: suf-fi-ciency
 []


Underfull \hbox (badness 10000) in paragraph at lines 5--7

 []


Underfull \hbox (badness 10000) in paragraph at lines 17--18

 []


Underfull \hbox (badness 10000) in paragraph at lines 19--20

 []


Overfull \hbox (8.6372pt too wide) detected at line 27
\OML/cmm/m/it/12 f\OT1/cmr/m/n/12 (\OML/cmm/m/it/12 x[]; :::; x[]; ^^R\OMS/cmsy
/m/n/12 j\OML/cmm/m/it/12 u \OT1/cmr/m/n/12 = ([]\OML/cmm/m/it/12 ; :::; []\OT1
/cmr/m/n/12 )) = []
 []


Underfull \hbox (badness 10000) in paragraph at lines 27--29

 []

[20]
Underfull \hbox (badness 10000) in paragraph at lines 36--38

 []


Underfull \hbox (badness 10000) in paragraph at lines 41--42

 []


Underfull \hbox (badness 10000) in paragraph at lines 43--44

 []


Overfull \hbox (0.32745pt too wide) in paragraph at lines 45--46
[]\OT1/cmr/bx/n/12 Example \OT1/cmr/m/n/12 Let $\U/msb/m/n/12 X[]\OML/cmm/m/it/
12 ; :::; \U/msb/m/n/12 X[]$ \OT1/cmr/m/n/12 be a ran-dom sam-ple from $\OML/cm
m/m/it/12 Bernoulli\OT1/cmr/m/n/12 (\OML/cmm/m/it/12 p\OT1/cmr/m/n/12 )\OML/cmm
/m/it/12 ; []$\OT1/cmr/m/n/12 ,
 []


Underfull \hbox (badness 10000) in paragraph at lines 55--56

 []


Underfull \hbox (badness 10000) in paragraph at lines 71--72

 []


Underfull \hbox (badness 10000) in paragraph at lines 73--74

 []

[21]
Underfull \hbox (badness 10000) in paragraph at lines 75--76

 []


Underfull \hbox (badness 10000) in paragraph at lines 82--84

 []

[22]
Underfull \hbox (badness 10000) in paragraph at lines 105--107

 []


Overfull \hbox (10.72104pt too wide) in paragraph at lines 108--109
[]\OT1/cmr/bx/n/12 Example $\U/msb/m/n/12 X[]\OML/cmm/m/it/12 ; :::; \U/msb/m/n
/12 X[] [] \OML/cmm/m/it/12 normal\OT1/cmr/m/n/12 (\OML/cmm/m/it/12 ^^V; ^^[[]\
OT1/cmr/m/n/12 )$, want suf-fi-cient statis-tic from $(\OML/cmm/m/it/12 ^^V; ^^
[[]\OT1/cmr/m/n/12 )$. 
 []


Underfull \hbox (badness 10000) in paragraph at lines 108--109

 []


Overfull \hbox (2.3956pt too wide) detected at line 113
[]\OT1/cmr/m/n/12 (\OML/cmm/m/it/12 x[] \OMS/cmsy/m/n/12 ^^@ \OML/cmm/m/it/12 ^
^V\OT1/cmr/m/n/12 )[] = [](\OML/cmm/m/it/12 x[] \OMS/cmsy/m/n/12 ^^@ [] \OT1/cm
r/m/n/12 + [] \OMS/cmsy/m/n/12 ^^@ \OML/cmm/m/it/12 ^^V\OT1/cmr/m/n/12 )[] = []
(\OML/cmm/m/it/12 x[] \OMS/cmsy/m/n/12 ^^@ []\OT1/cmr/m/n/12 )[] + \OML/cmm/m/i
t/12 n\OT1/cmr/m/n/12 ([] \OMS/cmsy/m/n/12 ^^@ \OML/cmm/m/it/12 ^^V\OT1/cmr/m/n
/12 )[] + 2([] \OMS/cmsy/m/n/12 ^^@ \OML/cmm/m/it/12 ^^V\OT1/cmr/m/n/12 ) [](\O
ML/cmm/m/it/12 x[] \OMS/cmsy/m/n/12 ^^@ []\OT1/cmr/m/n/12 )
 []


Underfull \hbox (badness 10000) in paragraph at lines 116--118

 []


Underfull \hbox (badness 10000) in paragraph at lines 125--126

 []


Underfull \hbox (badness 10000) in paragraph at lines 127--128

 []


Underfull \hbox (badness 10000) in paragraph at lines 129--132

 []


Overfull \hbox (6.31062pt too wide) in paragraph at lines 133--136
\OT1/cmr/m/n/12 (b) $\OML/cmm/m/it/12 var\OT1/cmr/m/n/12 (\OML/cmm/m/it/12 Y\OM
S/cmsy/m/n/12 j\OML/cmm/m/it/12 X\OT1/cmr/m/n/12 ) = \U/msb/m/n/12 E\OT1/cmr/m/
n/12 [\OML/cmm/m/it/12 Y[]\OMS/cmsy/m/n/12 j\OML/cmm/m/it/12 X\OT1/cmr/m/n/12 ]
 \OMS/cmsy/m/n/12 ^^@ \OT1/cmr/m/n/12 (\U/msb/m/n/12 E\OT1/cmr/m/n/12 [\OML/cmm
/m/it/12 Y\OMS/cmsy/m/n/12 j\OML/cmm/m/it/12 X\OT1/cmr/m/n/12 ])[]$, so $\U/msb
/m/n/12 E\OT1/cmr/m/n/12 [\OML/cmm/m/it/12 var\OT1/cmr/m/n/12 (\OML/cmm/m/it/12
 Y\OMS/cmsy/m/n/12 j\OML/cmm/m/it/12 X\OT1/cmr/m/n/12 )] = \U/msb/m/n/12 E\OT1/
cmr/m/n/12 [\OML/cmm/m/it/12 Y[]\OT1/cmr/m/n/12 ] \OMS/cmsy/m/n/12 ^^@ \U/msb/m
/n/12 E\OT1/cmr/m/n/12 [(\U/msb/m/n/12 E\OT1/cmr/m/n/12 [\OML/cmm/m/it/12 Y\OMS
/cmsy/m/n/12 j\OML/cmm/m/it/12 X\OT1/cmr/m/n/12 ])[]]$.
 []


Overfull \hbox (26.92085pt too wide) in paragraph at lines 133--136
\OT1/cmr/m/n/12 And $\OML/cmm/m/it/12 var\OT1/cmr/m/n/12 (\U/msb/m/n/12 E\OT1/c
mr/m/n/12 [\OML/cmm/m/it/12 Y\OMS/cmsy/m/n/12 j\OML/cmm/m/it/12 X\OT1/cmr/m/n/1
2 ]) = \U/msb/m/n/12 E\OT1/cmr/m/n/12 [\U/msb/m/n/12 E\OT1/cmr/m/n/12 [\OML/cmm
/m/it/12 Y\OMS/cmsy/m/n/12 j\OML/cmm/m/it/12 X\OT1/cmr/m/n/12 ][]] \OMS/cmsy/m/
n/12 ^^@ \OT1/cmr/m/n/12 (\U/msb/m/n/12 E\OT1/cmr/m/n/12 [\U/msb/m/n/12 E\OT1/c
mr/m/n/12 [\OML/cmm/m/it/12 Y\OMS/cmsy/m/n/12 j\OML/cmm/m/it/12 X\OT1/cmr/m/n/1
2 ]])[] = \U/msb/m/n/12 E\OT1/cmr/m/n/12 [\OML/cmm/m/it/12 Y\OT1/cmr/m/n/12 ][]
$. There-fore $\U/msb/m/n/12 E\OT1/cmr/m/n/12 [\OML/cmm/m/it/12 var\OT1/cmr/m/n
/12 (\OML/cmm/m/it/12 Y\OMS/cmsy/m/n/12 j\OML/cmm/m/it/12 X\OT1/cmr/m/n/12 )] +

 []


Underfull \hbox (badness 10000) in paragraph at lines 133--136

 []

[23]
Underfull \hbox (badness 10000) in paragraph at lines 137--141

 []


Underfull \hbox (badness 10000) in paragraph at lines 146--147

 []


Underfull \hbox (badness 10000) in paragraph at lines 148--149

 []


Underfull \hbox (badness 10000) in paragraph at lines 157--159

 []


Underfull \hbox (badness 10000) in paragraph at lines 160--161

 []


Underfull \hbox (badness 10000) in paragraph at lines 162--163

 []

[24]
Underfull \hbox (badness 10000) in paragraph at lines 167--168

 []


Overfull \hbox (6.97429pt too wide) in paragraph at lines 173--175
[]\OT1/cmr/bx/n/12 Example \OT1/cmr/m/n/12 If $\OML/cmm/m/it/12 X[]; :::; :X[] 
[] unifrom\OT1/cmr/m/n/12 (\OML/cmm/m/it/12 ^^R\OT1/cmr/m/n/12 )$, we can show 
$\OML/cmm/m/it/12 Y[] \OT1/cmr/m/n/12 = \OML/cmm/m/it/12 max\OT1/cmr/m/n/12 (\U
/msb/m/n/12 X[]\OML/cmm/m/it/12 ; :::; \U/msb/m/n/12 X[]\OT1/cmr/m/n/12 )$
 []


Underfull \hbox (badness 10000) in paragraph at lines 178--180

 []


Underfull \hbox (badness 10000) in paragraph at lines 182--183

 []

[25]
Underfull \hbox (badness 10000) in paragraph at lines 190--193

 []

) [26] (./4_HyothesisTesting.tex [27]
Overfull \hbox (6.38644pt too wide) in paragraph at lines 76--78
\OT1/cmr/bx/n/12 Definition \OT1/cmr/m/n/12 A func-tion of ran-dom sam-ple and 
pa-ram-e-ter $\OML/cmm/m/it/12 ^^R$\OT1/cmr/m/n/12 , $\U/msb/m/n/12 Q \OT1/cmr/
m/n/12 = \OML/cmm/m/it/12 q\OT1/cmr/m/n/12 (\U/msb/m/n/12 X[]\OML/cmm/m/it/12 ;
 :::; \U/msb/m/n/12 X[]\OML/cmm/m/it/12 ; ^^R\OT1/cmr/m/n/12 )$
 []

[28]
Underfull \hbox (badness 10000) in paragraph at lines 88--89

 []


Underfull \hbox (badness 10000) in paragraph at lines 97--99

 []


Underfull \hbox (badness 10000) in paragraph at lines 113--115

 []


Overfull \hbox (15.79065pt too wide) detected at line 131
[] [] \OMS/cmsy/m/n/12 ) [] []
 []

[29]
Overfull \hbox (30.11058pt too wide) detected at line 133
\OT1/cmr/m/n/12 1 \OMS/cmsy/m/n/12 ^^@ \OML/cmm/m/it/12  \OT1/cmr/m/n/12 = \U/
msb/m/n/12 P\OT1/cmr/m/n/12 (\OMS/cmsy/m/n/12 ^^@\OML/cmm/m/it/12 t[] \OMS/cmsy
/m/n/12 ^^T \U/msb/m/n/12 T \OMS/cmsy/m/n/12 ^^T \OML/cmm/m/it/12 t[]\OT1/cmr/m
/n/12 ) = \U/msb/m/n/12 P\OT1/cmr/m/n/12 (\OMS/cmsy/m/n/12 ^^@\OML/cmm/m/it/12 
t[] \OMS/cmsy/m/n/12 ^^T [] ^^T \OML/cmm/m/it/12 t[]\OT1/cmr/m/n/12 ) = \U/msb/
m/n/12 P\OT1/cmr/m/n/12 (\OMS/cmsy/m/n/12 ^^@\OML/cmm/m/it/12 t[][] \OMS/cmsy/m
/n/12 ^^T [] ^^@ \OML/cmm/m/it/12 ^^V \OMS/cmsy/m/n/12 ^^T \OML/cmm/m/it/12 t[]
[]\OT1/cmr/m/n/12 )
 []

[30]
Overfull \hbox (58.0387pt too wide) detected at line 174
[] [] \OMS/cmsy/m/n/12 ) [] []
 []

[31]
Underfull \hbox (badness 10000) in paragraph at lines 231--232

 []

[32] [33] [34] [35]
Overfull \hbox (30.95706pt too wide) in paragraph at lines 327--329
\OT1/cmr/m/n/12 So $100(1 \OMS/cmsy/m/n/12 ^^@ \OML/cmm/m/it/12 \OT1/cmr/m/n/1
2 )%$ C.I is $([] \OMS/cmsy/m/n/12 ^^@ [] ^^@ \OML/cmm/m/it/12 ^^P[][]; [] \OMS
/cmsy/m/n/12 ^^@ [] \OT1/cmr/m/n/12 + \OML/cmm/m/it/12 ^^P[][]\OT1/cmr/m/n/12 )
$ 
 []


Underfull \hbox (badness 10000) in paragraph at lines 333--334

 []


Underfull \hbox (badness 10000) in paragraph at lines 346--349

 []

[36]
Underfull \hbox (badness 10000) in paragraph at lines 354--355

 []

) [37] (./5_MPTest.tex
Overfull \hbox (16.26337pt too wide) in paragraph at lines 10--11
\OT1/cmr/m/n/12 from the ran-dom vari-ables. The like-li-hood func-tion if de-f
ined as $\OML/cmm/m/it/12 L\OT1/cmr/m/n/12 (\OML/cmm/m/it/12 ^^R; x[]; :::; x[]
\OT1/cmr/m/n/12 ) =
 []

[38]
Overfull \hbox (9.94135pt too wide) detected at line 45
[] \OT1/cmr/m/n/12 = \OML/cmm/m/it/12 e[] \OMS/cmsy/m/n/12 ^^T \OML/cmm/m/it/12
 k  \OMS/cmsy/m/n/12 ([])  ^^@ [] \OML/cmm/m/it/12 x[] \OMS/cmsy/m/n/12 ^^T [] 
\OML/cmm/m/it/12 k \OMS/cmsy/m/n/12 ^^@ []  ([])  [] ^^U ^^@[] \OT1/cmr/m/n/12 
+ [] = \OML/cmm/m/it/12 c
 []


Underfull \hbox (badness 10000) in paragraph at lines 48--50

 []

[39]
Underfull \hbox (badness 10000) in paragraph at lines 60--63

 []


Overfull \hbox (29.89963pt too wide) detected at line 78
[] \OT1/cmr/m/n/12 = \OML/cmm/m/it/12 e[] \OT1/cmr/m/n/12 = \OML/cmm/m/it/12 e[
] \OMS/cmsy/m/n/12 ^^T \OML/cmm/m/it/12 k
 []

[40]
Underfull \hbox (badness 10000) in paragraph at lines 91--92

 []

[41]
Underfull \hbox (badness 10000) in paragraph at lines 104--106

 []


Underfull \hbox (badness 10000) in paragraph at lines 124--125

 []

[42]) [43] (./6_UMPtest.tex
Underfull \hbox (badness 10000) in paragraph at lines 10--11

 []


Underfull \hbox (badness 10000) in paragraph at lines 18--20

 []

[44]
Underfull \hbox (badness 10000) in paragraph at lines 58--59

 []

[45] [46] [47]) [48] (./7_LRT.tex
Overfull \hbox (11.22034pt too wide) in paragraph at lines 4--5
[]\OT1/cmr/bx/n/12 Likelihood Ra-tio Test \OT1/cmr/m/n/12 Let $\U/msb/m/n/12 X[
]\OML/cmm/m/it/12 ; :::; \U/msb/m/n/12 X[]$ \OT1/cmr/m/n/12 be a ran-dom sam-pl
e from $\OML/cmm/m/it/12 f\OT1/cmr/m/n/12 (\OML/cmm/m/it/12 x; ^^R\OT1/cmr/m/n/
12 )\OML/cmm/m/it/12 ; ^^R \OMS/cmsy/m/n/12 2
 []


Overfull \hbox (4.61713pt too wide) in paragraph at lines 19--21
[]\OT1/cmr/m/n/12 Suppose that we have a statis-tics $\U/msb/m/n/12 T \OT1/cmr/
m/n/12 = \OML/cmm/m/it/12 t\OT1/cmr/m/n/12 (\U/msb/m/n/12 X[]\OML/cmm/m/it/12 ;
 :::; \U/msb/m/n/12 X[]\OT1/cmr/m/n/12 )$ such that $\OML/cmm/m/it/12 ^^U\OT1/c
mr/m/n/12 (\OML/cmm/m/it/12 x[]; :::; x[]\OT1/cmr/m/n/12 ) \OMS/cmsy/m/n/12 ^^T

 []

[49]
Overfull \hbox (77.76738pt too wide) detected at line 50
\OML/cmm/m/it/12  \OT1/cmr/m/n/12 = \U/msb/m/n/12 P\OT1/cmr/m/n/12 ([] \OML/cm
m/m/it/12 < c\OMS/cmsy/m/n/12 j\OML/cmm/m/it/12 ^^R \OT1/cmr/m/n/12 = \OML/cmm/
m/it/12 ^^R[]\OT1/cmr/m/n/12 ) = \U/msb/m/n/12 P\OT1/cmr/m/n/12 ([] \U/msb/m/n/
12 X[] \OML/cmm/m/it/12 < nc\OMS/cmsy/m/n/12 j\OML/cmm/m/it/12 ^^R \OT1/cmr/m/n
/12 = \OML/cmm/m/it/12 ^^R[]\OT1/cmr/m/n/12 ) = \U/msb/m/n/12 P\OT1/cmr/m/n/12 
(\OML/cmm/m/it/12 ^^R[]\OT1/cmr/m/n/12 2 [] \U/msb/m/n/12 X[] \OMS/cmsy/m/n/12 
^^T \OT1/cmr/m/n/12 2\OML/cmm/m/it/12 ^^R[]nc\OT1/cmr/m/n/12 ) = \U/msb/m/n/12 
P\OT1/cmr/m/n/12 (\OML/cmm/m/it/12 ^^_[]\OT1/cmr/m/n/12 (2\OML/cmm/m/it/12 n\OT
1/cmr/m/n/12 ) \OMS/cmsy/m/n/12 ^^T \OT1/cmr/m/n/12 2\OML/cmm/m/it/12 ^^R[]nc\O
T1/cmr/m/n/12 )
 []


Overfull \hbox (7.23035pt too wide) detected at line 68
\OML/cmm/m/it/12  \OT1/cmr/m/n/12 = \U/msb/m/n/12 P\OT1/cmr/m/n/12 (\OMS/cmsy/
m/n/12 j[]j ^^U \OML/cmm/m/it/12 c\OMS/cmsy/m/n/12 j\OML/cmm/m/it/12 ^^V \OT1/c
mr/m/n/12 = 0) = 1 \OMS/cmsy/m/n/12 ^^@ \U/msb/m/n/12 P \OMS/cmsy/m/n/12 ^^@ \O
ML/cmm/m/it/12 x \OMS/cmsy/m/n/12 ^^T \OT1/cmr/m/n/12 (\OMS/cmsy/m/n/12 j[]j ^^
T \OML/cmm/m/it/12 c\OMS/cmsy/m/n/12 j\OML/cmm/m/it/12 ^^V \OT1/cmr/m/n/12 = 0)
 = 1 \OMS/cmsy/m/n/12 ^^@ \U/msb/m/n/12 P\OT1/cmr/m/n/12 (\OMS/cmsy/m/n/12 ^^@[
]\OML/cmm/m/it/12 c \OMS/cmsy/m/n/12 ^^T \U/msb/m/n/12 Z \OMS/cmsy/m/n/12 ^^T [
]\OML/cmm/m/it/12 c\OT1/cmr/m/n/12 )
 []

[50] [51]
Underfull \hbox (badness 10000) in paragraph at lines 112--113

 []

[52]
Underfull \hbox (badness 10000) in paragraph at lines 164--165

 []

[53] [54]
Overfull \hbox (2.0874pt too wide) detected at line 217
\U/msb/m/n/12 P\OT1/cmr/m/n/12 ([]) = \U/msb/m/n/12 P\OT1/cmr/m/n/12 ([] \OMS/c
msy/m/n/12 ^^U \OML/cmm/m/it/12 ^^P[]\OT1/cmr/m/n/12 ) = 1 \OMS/cmsy/m/n/12 ^^@
 \U/msb/m/n/12 P\OT1/cmr/m/n/12 ([] \OMS/cmsy/m/n/12 ^^T \OML/cmm/m/it/12 ^^P[]
\OT1/cmr/m/n/12 ) [] \U/msb/m/n/12 P\OT1/cmr/m/n/12 (\U/msb/m/n/12 Z \OMS/cmsy/
m/n/12 ^^T \OML/cmm/m/it/12 ^^P[]\OT1/cmr/m/n/12 ) = \OML/cmm/m/it/12 
 []

Missing character: There is no d in font msbm10!
[55]
Missing character: There is no d in font msbm10!
Missing character: There is no d in font msbm10!
Missing character: There is no d in font msbm10!
Missing character: There is no d in font msbm10!
)
Overfull \hbox (54.71877pt too wide) in paragraph at lines 256--40
\OT1/cmr/m/n/12 Therefore an ap-prox-i-mate test of sig-nif-i-cance level $\OML
/cmm/m/it/12 $ \OT1/cmr/m/n/12 is re-ject-ing $\OML/cmm/m/it/12 H[]$ \OT1/cmr/
m/n/12 if $[] \OMS/cmsy/m/n/12 ^^U
 []

[56] [57]
Underfull \hbox (badness 10000) in paragraph at lines 109--110

 []

[58] [59] (./appendix.tex
Underfull \hbox (badness 10000) in paragraph at lines 2--3

 []


Underfull \hbox (badness 10000) in paragraph at lines 4--5

 []


Underfull \hbox (badness 10000) in paragraph at lines 11--14

 []


Underfull \hbox (badness 10000) in paragraph at lines 25--26

 []

) [60] [61] (./statistics.aux) ) 
Here is how much of TeX's memory you used:
 2623 strings out of 493117
 33991 string characters out of 6135433
 102469 words of memory out of 5000000
 6018 multiletter control sequences out of 15000+600000
 13331 words of font info for 51 fonts, out of 8000000 for 9000
 1141 hyphenation exceptions out of 8191
 37i,21n,24p,843b,305s stack positions out of 5000i,500n,10000p,200000b,80000s
</usr/local/texlive/2014/texmf-dist/fonts/type1
/public/amsfonts/cm/cmbx12.pfb></usr/local/texlive/2014/texmf-dist/fonts/type1/
public/amsfonts/cm/cmex10.pfb></usr/local/texlive/2014/texmf-dist/fonts/type1/p
ublic/amsfonts/cmextra/cmex7.pfb></usr/local/texlive/2014/texmf-dist/fonts/type
1/public/amsfonts/cmextra/cmex8.pfb></usr/local/texlive/2014/texmf-dist/fonts/t
ype1/public/amsfonts/cm/cmmi12.pfb></usr/local/texlive/2014/texmf-dist/fonts/ty
pe1/public/amsfonts/cm/cmmi6.pfb></usr/local/texlive/2014/texmf-dist/fonts/type
1/public/amsfonts/cm/cmmi8.pfb></usr/local/texlive/2014/texmf-dist/fonts/type1/
public/amsfonts/cm/cmr12.pfb></usr/local/texlive/2014/texmf-dist/fonts/type1/pu
blic/amsfonts/cm/cmr6.pfb></usr/local/texlive/2014/texmf-dist/fonts/type1/publi
c/amsfonts/cm/cmr8.pfb></usr/local/texlive/2014/texmf-dist/fonts/type1/public/a
msfonts/cm/cmsy10.pfb></usr/local/texlive/2014/texmf-dist/fonts/type1/public/am
sfonts/cm/cmsy6.pfb></usr/local/texlive/2014/texmf-dist/fonts/type1/public/amsf
onts/cm/cmsy8.pfb></usr/local/texlive/2014/texmf-dist/fonts/type1/public/amsfon
ts/symbols/msam10.pfb></usr/local/texlive/2014/texmf-dist/fonts/type1/public/am
sfonts/symbols/msbm10.pfb></usr/local/texlive/2014/texmf-dist/fonts/type1/publi
c/amsfonts/symbols/msbm7.pfb>
Output written on statistics.pdf (61 pages, 8159283 bytes).
PDF statistics:
 267 PDF objects out of 1000 (max. 8388607)
 185 compressed objects within 2 object streams
 0 named destinations out of 1000 (max. 500000)
 6 words of extra memory for PDF output out of 10000 (max. 10000000)

